{
  "RSpec": {
    "coverage": {
      "/home/msegun/Dokumenty/Rails_Project/MovieBlog/spec/controllers/articles_controller_spec.rb": [
        1,
        null,
        1,
        null,
        1,
        1,
        1,
        1,
        null,
        null,
        null,
        null
      ],
      "/home/msegun/Dokumenty/Rails_Project/MovieBlog/spec/rails_helper.rb": [
        null,
        1,
        1,
        1,
        1,
        null,
        null,
        null,
        null,
        null,
        null,
        null,
        null,
        null,
        null,
        null,
        null,
        null,
        null,
        null,
        null,
        null,
        null,
        null,
        1,
        null,
        1,
        null,
        1,
        null,
        null,
        null,
        null,
        1,
        null,
        null,
        null,
        null,
        null,
        null,
        null,
        null,
        null,
        null,
        null,
        null,
        null,
        null,
        1,
        null
      ],
      "/home/msegun/Dokumenty/Rails_Project/MovieBlog/config/environment.rb": [
        null,
        1,
        null,
        null,
        1
      ],
      "/home/msegun/Dokumenty/Rails_Project/MovieBlog/config/application.rb": [
        1,
        null,
        1,
        null,
        1,
        1,
        1,
        1,
        1,
        1,
        1,
        1,
        null,
        null,
        null,
        null,
        1,
        null,
        1,
        1,
        null,
        1,
        null,
        null,
        null,
        null,
        null,
        null,
        1,
        null,
        null
      ],
      "/home/msegun/Dokumenty/Rails_Project/MovieBlog/config/boot.rb": [
        1,
        null,
        1
      ],
      "/home/msegun/Dokumenty/Rails_Project/MovieBlog/config/environments/test.rb": [
        1,
        null,
        null,
        null,
        null,
        null,
        null,
        1,
        null,
        null,
        null,
        null,
        1,
        null,
        null,
        1,
        1,
        null,
        null,
        null,
        null,
        1,
        1,
        null,
        null,
        1,
        null,
        null,
        1,
        1,
        null,
        null,
        null,
        null,
        1,
        null,
        null,
        1,
        null,
        null,
        null,
        null
      ],
      "/home/msegun/Dokumenty/Rails_Project/MovieBlog/config/initializers/application_controller_renderer.rb": [
        null,
        null,
        null,
        null,
        null,
        null,
        null,
        null
      ],
      "/home/msegun/Dokumenty/Rails_Project/MovieBlog/config/initializers/assets.rb": [
        null,
        null,
        null,
        1,
        null,
        null,
        null,
        null,
        1,
        null,
        null,
        null,
        null,
        null
      ],
      "/home/msegun/Dokumenty/Rails_Project/MovieBlog/config/initializers/backtrace_silencers.rb": [
        null,
        null,
        null,
        null,
        null,
        null,
        null
      ],
      "/home/msegun/Dokumenty/Rails_Project/MovieBlog/config/initializers/cookies_serializer.rb": [
        null,
        null,
        null,
        null,
        1
      ],
      "/home/msegun/Dokumenty/Rails_Project/MovieBlog/config/initializers/filter_parameter_logging.rb": [
        null,
        null,
        null,
        1
      ],
      "/home/msegun/Dokumenty/Rails_Project/MovieBlog/config/initializers/inflections.rb": [
        null,
        null,
        null,
        null,
        null,
        null,
        null,
        null,
        null,
        null,
        null,
        null,
        null,
        null,
        null,
        null
      ],
      "/home/msegun/Dokumenty/Rails_Project/MovieBlog/config/initializers/mime_types.rb": [
        null,
        null,
        null,
        null
      ],
      "/home/msegun/Dokumenty/Rails_Project/MovieBlog/config/initializers/wrap_parameters.rb": [
        null,
        null,
        null,
        null,
        null,
        null,
        1,
        2,
        null,
        null,
        null,
        null,
        null,
        null
      ],
      "/home/msegun/Dokumenty/Rails_Project/MovieBlog/config/routes.rb": [
        1,
        1,
        null,
        1,
        null
      ],
      "/home/msegun/Dokumenty/Rails_Project/MovieBlog/app/helpers/application_helper.rb": [
        1,
        null
      ],
      "/home/msegun/Dokumenty/Rails_Project/MovieBlog/app/helpers/articles_helper.rb": [
        1,
        null
      ],
      "/home/msegun/Dokumenty/Rails_Project/MovieBlog/app/controllers/articles_controller.rb": [
        1,
        1,
        7,
        null,
        null,
        1,
        2,
        null,
        null,
        1,
        2,
        2,
        1,
        1,
        null,
        1,
        1,
        null,
        null,
        null,
        1,
        3,
        null,
        null,
        1,
        null,
        1,
        1,
        1,
        1,
        null,
        null,
        1,
        null,
        1,
        2,
        null,
        null
      ],
      "/home/msegun/Dokumenty/Rails_Project/MovieBlog/app/controllers/application_controller.rb": [
        1,
        1,
        null,
        1,
        null,
        1,
        1,
        null,
        null,
        null
      ],
      "/home/msegun/Dokumenty/Rails_Project/MovieBlog/spec/features/creating_article_spec.rb": [
        1,
        null,
        1,
        1,
        1,
        null,
        1,
        null,
        1,
        1,
        null,
        1,
        null,
        1,
        1,
        null,
        null,
        1,
        1,
        null,
        1,
        null,
        1,
        1,
        null,
        1,
        null,
        1,
        1,
        1,
        null,
        null
      ],
      "/home/msegun/Dokumenty/Rails_Project/MovieBlog/spec/features/listing_article_spec.rb": [
        1,
        null,
        1,
        null,
        1,
        2,
        2,
        null,
        null,
        1,
        1,
        null,
        1,
        1,
        1,
        1,
        1,
        1,
        null,
        null,
        1,
        null,
        1,
        null,
        1,
        null,
        1,
        1,
        1,
        1,
        1,
        1,
        null,
        1,
        1,
        null,
        null,
        null
      ],
      "/home/msegun/Dokumenty/Rails_Project/MovieBlog/spec/features/show_article_spec.rb": [
        1,
        null,
        1,
        null,
        1,
        1,
        null,
        null,
        1,
        1,
        1,
        1,
        1,
        1,
        null,
        null
      ],
      "/home/msegun/Dokumenty/Rails_Project/MovieBlog/spec/models/article_spec.rb": [
        1,
        null,
        1,
        1,
        null
      ],
      "/home/msegun/Dokumenty/Rails_Project/MovieBlog/app/models/article.rb": [
        1,
        1,
        1,
        23,
        null
      ],
      "/home/msegun/Dokumenty/Rails_Project/MovieBlog/app/models/application_record.rb": [
        1,
        1,
        null
      ],
      "/home/msegun/Dokumenty/Rails_Project/MovieBlog/spec/requests/articles_spec.rb": [
        1,
        null,
        1,
        null,
        1,
        2,
        null,
        null,
        1,
        1,
        2,
        null,
        1,
        1,
        null,
        null,
        null,
        1,
        2,
        null,
        1,
        1,
        1,
        1,
        null,
        null,
        null,
        null
      ]
    },
    "timestamp": 1514548207
  }
}
